{"level":"info","message":"Server is running on port 4000","timestamp":"2025-04-30T16:28:43.680Z"}
{"level":"info","message":"MongoDB Connected: ac-ravn5pk-shard-00-00.yt5hhbh.mongodb.net","timestamp":"2025-04-30T16:28:44.547Z"}
{"level":"info","message":"Server is running on port 4000","timestamp":"2025-04-30T16:29:14.014Z"}
{"level":"info","message":"MongoDB Connected: ac-ravn5pk-shard-00-00.yt5hhbh.mongodb.net","timestamp":"2025-04-30T16:29:14.554Z"}
{"level":"info","message":"Connected to MongoDB","timestamp":"2025-04-30T17:50:42.929Z"}
{"level":"info","message":"Cleared existing data","timestamp":"2025-04-30T17:50:43.117Z"}
{"level":"info","message":"Created admin user","timestamp":"2025-04-30T17:50:43.263Z"}
{"level":"info","message":"Created teacher user","timestamp":"2025-04-30T17:50:43.371Z"}
{"level":"info","message":"Created student user","timestamp":"2025-04-30T17:50:43.482Z"}
{"level":"info","message":"Created course","timestamp":"2025-04-30T17:50:43.529Z"}
{"level":"info","message":"Created assignment","timestamp":"2025-04-30T17:50:43.575Z"}
{"level":"info","message":"Updated course with assignment","timestamp":"2025-04-30T17:50:43.623Z"}
{"level":"info","message":"Server running on port 4000","timestamp":"2025-05-01T14:07:24.409Z"}
{"level":"info","message":"MongoDB Connected: ac-ravn5pk-shard-00-00.yt5hhbh.mongodb.net","timestamp":"2025-05-01T14:07:25.373Z"}
{"_message":"User validation failed","errors":{"password":{"kind":"minlength","message":"Path `password` (`john123`) is shorter than the minimum allowed length (8).","name":"ValidatorError","path":"password","properties":{"message":"Path `password` (`john123`) is shorter than the minimum allowed length (8).","minlength":8,"path":"password","type":"minlength","value":"john123"},"value":"john123"}},"level":"error","message":"Signup error: User validation failed: password: Path `password` (`john123`) is shorter than the minimum allowed length (8).","stack":"ValidationError: User validation failed: password: Path `password` (`john123`) is shorter than the minimum allowed length (8).\n    at model.Document.invalidate (/Users/shadanasad/Downloads/Projects/gradegenie/backend/node_modules/mongoose/lib/document.js:3343:32)\n    at /Users/shadanasad/Downloads/Projects/gradegenie/backend/node_modules/mongoose/lib/document.js:3104:17\n    at /Users/shadanasad/Downloads/Projects/gradegenie/backend/node_modules/mongoose/lib/schemaType.js:1407:9\n    at processTicksAndRejections (node:internal/process/task_queues:85:11)","timestamp":"2025-05-01T14:24:15.608Z"}
{"_message":"User validation failed","errors":{"password":{"kind":"required","message":"Path `password` is required.","name":"ValidatorError","path":"password","properties":{"message":"Path `password` is required.","path":"password","type":"required","value":""},"value":""}},"level":"error","message":"Signup error: User validation failed: password: Path `password` is required.","stack":"ValidationError: User validation failed: password: Path `password` is required.\n    at model.Document.invalidate (/Users/shadanasad/Downloads/Projects/gradegenie/backend/node_modules/mongoose/lib/document.js:3343:32)\n    at /Users/shadanasad/Downloads/Projects/gradegenie/backend/node_modules/mongoose/lib/document.js:3104:17\n    at /Users/shadanasad/Downloads/Projects/gradegenie/backend/node_modules/mongoose/lib/schemaType.js:1407:9\n    at processTicksAndRejections (node:internal/process/task_queues:85:11)","timestamp":"2025-05-01T19:01:27.248Z"}
{"_message":"User validation failed","errors":{"password":{"kind":"required","message":"Path `password` is required.","name":"ValidatorError","path":"password","properties":{"message":"Path `password` is required.","path":"password","type":"required","value":""},"value":""}},"level":"error","message":"Signup error: User validation failed: password: Path `password` is required.","stack":"ValidationError: User validation failed: password: Path `password` is required.\n    at model.Document.invalidate (/Users/shadanasad/Downloads/Projects/gradegenie/backend/node_modules/mongoose/lib/document.js:3343:32)\n    at /Users/shadanasad/Downloads/Projects/gradegenie/backend/node_modules/mongoose/lib/document.js:3104:17\n    at /Users/shadanasad/Downloads/Projects/gradegenie/backend/node_modules/mongoose/lib/schemaType.js:1407:9\n    at processTicksAndRejections (node:internal/process/task_queues:85:11)","timestamp":"2025-05-01T19:03:19.256Z"}
{"_message":"User validation failed","errors":{"password":{"kind":"required","message":"Path `password` is required.","name":"ValidatorError","path":"password","properties":{"message":"Path `password` is required.","path":"password","type":"required","value":""},"value":""}},"level":"error","message":"Signup error: User validation failed: password: Path `password` is required.","stack":"ValidationError: User validation failed: password: Path `password` is required.\n    at model.Document.invalidate (/Users/shadanasad/Downloads/Projects/gradegenie/backend/node_modules/mongoose/lib/document.js:3343:32)\n    at /Users/shadanasad/Downloads/Projects/gradegenie/backend/node_modules/mongoose/lib/document.js:3104:17\n    at /Users/shadanasad/Downloads/Projects/gradegenie/backend/node_modules/mongoose/lib/schemaType.js:1407:9\n    at processTicksAndRejections (node:internal/process/task_queues:85:11)","timestamp":"2025-05-01T19:04:34.404Z"}
{"level":"info","message":"Server running on port 4000","timestamp":"2025-05-02T13:36:46.060Z"}
{"level":"info","message":"MongoDB Connected: ac-ravn5pk-shard-00-00.yt5hhbh.mongodb.net","timestamp":"2025-05-02T13:36:46.978Z"}
